<?xml version="1.0" encoding="UTF-8"?>
<!-- Generated by org.testng.reporters.JUnitReportReporter -->
<testsuite hostname="DESKTOP-4D85HDE" failures="0" tests="2" name="Utk.MavenJava.RestTest" time="0.000" errors="0" timestamp="2021-11-20T00:24:26 IST" skipped="0">
  <testcase classname="Utk.MavenJava.RestTest" name="postjira" time="0.000"/>
  <system-out/>
  <testcase classname="Utk.MavenJava.RestTest" name="deleteTwitter" time="0.000"/>
  <system-out/>
</testsuite> <!-- Utk.MavenJava.RestTest -->
