<?xml version="1.0" encoding="UTF-8"?>
<!-- Generated by org.testng.reporters.JUnitReportReporter -->
<testsuite hostname="DESKTOP-4D85HDE" failures="0" tests="2" name="Utk.MavenJava.SeleniumTest" time="0.010" errors="0" timestamp="2021-11-20T00:31:23 IST" skipped="0">
  <testcase classname="Utk.MavenJava.SeleniumTest" name="elementUi" time="0.000"/>
  <system-out/>
  <testcase classname="Utk.MavenJava.SeleniumTest" name="BrowserAutomation" time="0.010"/>
  <system-out/>
</testsuite> <!-- Utk.MavenJava.SeleniumTest -->
