<?xml version="1.0" encoding="UTF-8"?>
<!-- Generated by org.testng.reporters.JUnitReportReporter -->
<testsuite hostname="DESKTOP-4D85HDE" failures="0" tests="2" name="Utk.MavenJava.AppiumTest" time="0.007" errors="0" timestamp="2021-11-20T00:24:26 IST" skipped="0">
  <testcase classname="Utk.MavenJava.AppiumTest" name="iosapp" time="0.000"/>
  <system-out/>
  <testcase classname="Utk.MavenJava.AppiumTest" name="androidapp" time="0.007"/>
  <system-out/>
</testsuite> <!-- Utk.MavenJava.AppiumTest -->
